Volumes (all driveletters) for the currently active Operating System:

TxFsSpace for 'A:\'
TxFsSpace OK, AX: 0x0300
7303_EX data:
-00000-  2c 00 00 00 01 00 00 00  00 02 00 00 80 01 00 00 [,...............]
-00010-  20 0b 00 00 80 01 00 00  20 0b 00 00 80 01 00 00 [ ....... .......]
-00020-  20 0b 00 00 00 00 00 00  00 00 00 00 00 00 00 00 [ ...............]
OS Volume info on : A: Free      0.2 MiB of      1.4 MiB, fs: FAT12
TxFsSpace for 'B:\'
TxFsSpace OK, AX: 0x0300
7303_EX data:
-00000-  2c 00 00 00 01 00 00 00  00 02 00 00 80 01 00 00 [,...............]
-00010-  20 0b 00 00 80 01 00 00  20 0b 00 00 80 01 00 00 [ ....... .......]
-00020-  20 0b 00 00 00 00 00 00  00 00 00 00 00 00 00 00 [ ...............]
OS Volume info on : B: Free      0.2 MiB of      1.4 MiB, fs: FAT12
TxFsSpace for 'C:\'
TxFsSpace OK, AX: 0x0300
7303_EX data:
-00000-  2c 00 00 00 40 00 00 00  00 02 00 00 6f 6c 00 00 [,...@.......ol..]
-00010-  00 fa 00 00 c0 1b 1b 00  00 80 3e 00 6f 6c 00 00 [..........>.ol..]
-00020-  00 fa 00 00 00 00 00 00  00 00 00 00 00 00 00 00 [................]
OS Volume info on : C: Free    867.5 MiB of   2000.0 MiB, fs: FAT(32)
TxFsSpace for 'D:\'
TxFsSpace OK, AX: 0x0300
7303_EX data:
-00000-  2c 00 00 00 40 00 00 00  00 02 00 00 98 ff 02 00 [,...@...........]
-00010-  de e1 04 00 00 e6 bf 00  80 77 38 01 98 ff 02 00 [.........w8.....]
-00020-  de e1 04 00 00 00 00 00  00 00 00 00 00 00 00 00 [................]
OS Volume info on : D: Free   2047.7 MiB of   2047.7 MiB, fs: FAT(32)
TxFsSpace for 'N:\'
TxFsSpace OK, AX: 0x0300
7303_EX data:
-00000-  2c 00 00 00 00 00 00 00  00 00 00 00 00 00 00 00 [,...............]
-00010-  00 00 00 00 00 00 00 00  00 00 00 00 00 00 00 00 [................]
-00020-  00 00 00 00 00 00 00 00  00 00 00 00 00 00 00 00 [................]
OS Volume info on : N:           Not ready, no size info, fs: CDROM
TxFsSpace for 'O:\'
TxFsSpace OK, AX: 0x0300
7303_EX data:
-00000-  2c 00 00 00 00 00 00 00  00 00 00 00 00 00 00 00 [,...............]
-00010-  00 00 00 00 00 00 00 00  00 00 00 00 00 00 00 00 [................]
-00020-  00 00 00 00 00 00 00 00  00 00 00 00 00 00 00 00 [................]
OS Volume info on : O:           Not ready, no size info, fs: CDROM
TxFsSpace for 'Z:\'
TxFsSpace OK, AX: 0x0300
7303_EX data:
-00000-  2c 00 00 00 01 00 00 00  00 02 00 00 5c 5e 00 00 [,...........\^..]
-00010-  01 60 00 00 5c 5e 00 00  01 60 00 00 5c 5e 00 00 [.`..\^...`..\^..]
-00020-  01 60 00 00 00 00 00 00  00 00 00 00 00 00 00 00 [.`..............]
OS Volume info on : Z: Free     11.8 MiB of     12.0 MiB, fs: FAT(32)
